<?xml version="1.0" encoding="UTF-8"?>
<!-- Generated by org.testng.reporters.JUnitReportReporter -->
<testsuite skipped="0" hostname="prema-Latitude-E7450" name="Scripts.TestValidLogin" tests="1" failures="0" timestamp="2020-03-31T12:45:15 IST" time="32.065" errors="0">
  <testcase name="testValidLogin" time="32.065" classname="Scripts.TestValidLogin"/>
</testsuite> <!-- Scripts.TestValidLogin -->
